INFO:root:Running API call 1 at 2024-10-29 17:54:12.522101
INFO:root:Upserted collection: ENS: Ethereum Name Service at 2024-10-29 17:54:16.918395
INFO:root:Updated detail data for ENS: Ethereum Name Service
INFO:root:Upserted collection: CryptoPunks at 2024-10-29 17:54:17.480121
INFO:root:Updated detail data for CryptoPunks
INFO:root:Upserted collection: Bored Ape Yacht Club at 2024-10-29 17:54:18.079700
INFO:root:Updated detail data for Bored Ape Yacht Club
INFO:root:Upserted collection: Reddit Starter Pack x Reddit Collectible Avatars at 2024-10-29 17:54:18.641096
INFO:root:Updated detail data for Reddit Starter Pack x Reddit Collectible Avatars
INFO:root:Upserted collection: Pudgy Penguins at 2024-10-29 17:54:19.166971
INFO:root:Updated detail data for Pudgy Penguins
INFO:root:Upserted collection: Infinex Patrons at 2024-10-29 17:54:19.717161
INFO:root:Updated detail data for Infinex Patrons
INFO:root:Upserted collection: Layer3 CUBE at 2024-10-29 17:54:20.331356
INFO:root:Updated detail data for Layer3 CUBE
INFO:root:Upserted collection: Azuki at 2024-10-29 17:54:20.863598
INFO:root:Updated detail data for Azuki
INFO:root:Upserted collection: Milady Maker at 2024-10-29 17:54:21.459959
INFO:root:Updated detail data for Milady Maker
INFO:root:Upserted collection: MakersPlace at 2024-10-29 17:54:21.972398
INFO:root:Updated detail data for MakersPlace
INFO:root:Running API call 2 at 2024-10-29 17:54:23.483450
INFO:root:Upserted collection: MakersPlace at 2024-10-29 17:54:27.911534
INFO:root:Updated detail data for MakersPlace
INFO:root:Upserted collection: Mutant Ape Yacht Club at 2024-10-29 17:54:28.525185
INFO:root:Updated detail data for Mutant Ape Yacht Club
INFO:root:Upserted collection: Chromie Squiggle by Snowfro at 2024-10-29 17:54:29.041311
INFO:root:Updated detail data for Chromie Squiggle by Snowfro
INFO:root:Upserted collection: Memeland Captainz at 2024-10-29 17:54:29.661185
INFO:root:Updated detail data for Memeland Captainz
INFO:root:Upserted collection: The Singularity x Reddit Collectible Avatars at 2024-10-29 17:54:30.266164
INFO:root:Updated detail data for The Singularity x Reddit Collectible Avatars
INFO:root:Upserted collection: Reddit Cup 2022 x Reddit Collectible Avatars at 2024-10-29 17:54:30.776784
INFO:root:Updated detail data for Reddit Cup 2022 x Reddit Collectible Avatars
INFO:root:Upserted collection: Wrapped Cryptopunks at 2024-10-29 17:54:31.295240
INFO:root:Updated detail data for Wrapped Cryptopunks
INFO:root:Upserted collection: Lil Pudgys at 2024-10-29 17:54:31.801852
INFO:root:Updated detail data for Lil Pudgys
INFO:root:Upserted collection: CryptoKitties at 2024-10-29 17:54:32.418755
INFO:root:Updated detail data for CryptoKitties
INFO:root:Upserted collection: Doodles at 2024-10-29 17:54:32.924889
INFO:root:Updated detail data for Doodles
INFO:root:Upserted collection: The Sandbox LANDs at 2024-10-29 17:54:33.466210
INFO:root:Updated detail data for The Sandbox LANDs
INFO:root:Running API call 3 at 2024-10-29 17:54:35.056324
INFO:root:Upserted collection: The Sandbox LANDs at 2024-10-29 17:54:38.047788
INFO:root:Updated detail data for The Sandbox LANDs
INFO:root:Upserted collection: Mocaverse at 2024-10-29 17:54:38.663377
INFO:root:Updated detail data for Mocaverse
INFO:root:Upserted collection: SuperRare at 2024-10-29 17:54:39.190288
INFO:root:Updated detail data for SuperRare
INFO:root:Upserted collection: Pirate Nation - Founder's Pirates at 2024-10-29 17:54:39.790349
INFO:root:Updated detail data for Pirate Nation - Founder's Pirates
INFO:root:Upserted collection: Redacted Remilio Babies at 2024-10-29 17:54:40.399732
INFO:root:Updated detail data for Redacted Remilio Babies
INFO:root:Upserted collection: Creepz by OVERLORD at 2024-10-29 17:54:41.016272
INFO:root:Updated detail data for Creepz by OVERLORD
INFO:root:Upserted collection: CryptoPunks V1 (wrapped) at 2024-10-29 17:54:41.531416
INFO:root:Updated detail data for CryptoPunks V1 (wrapped)
INFO:root:Upserted collection: Otherdeed Expanded at 2024-10-29 17:54:42.140389
INFO:root:Updated detail data for Otherdeed Expanded
INFO:root:Upserted collection: Decentraland at 2024-10-29 17:54:42.650726
INFO:root:Updated detail data for Decentraland
INFO:root:Upserted collection: Space Doodles at 2024-10-29 17:54:43.170226
INFO:root:Updated detail data for Space Doodles
INFO:root:Upserted collection: Ringers by Dmitri Cherniak at 2024-10-29 17:54:43.784742
INFO:root:Updated detail data for Ringers by Dmitri Cherniak
INFO:root:Running API call 1 at 2024-10-29 17:55:17.049715
INFO:root:Upserted collection: ENS: Ethereum Name Service at 2024-10-29 17:55:20.060212
INFO:root:Updated detail data for ENS: Ethereum Name Service
INFO:root:Upserted collection: CryptoPunks at 2024-10-29 17:55:20.647314
INFO:root:Updated detail data for CryptoPunks
INFO:root:Upserted collection: Bored Ape Yacht Club at 2024-10-29 17:55:21.160815
INFO:root:Updated detail data for Bored Ape Yacht Club
INFO:root:Upserted collection: Reddit Starter Pack x Reddit Collectible Avatars at 2024-10-29 17:55:21.775345
INFO:root:Updated detail data for Reddit Starter Pack x Reddit Collectible Avatars
INFO:root:Upserted collection: Pudgy Penguins at 2024-10-29 17:55:22.388932
INFO:root:Updated detail data for Pudgy Penguins
INFO:root:Upserted collection: Infinex Patrons at 2024-10-29 17:55:22.902476
INFO:root:Updated detail data for Infinex Patrons
INFO:root:Upserted collection: Layer3 CUBE at 2024-10-29 17:55:23.414145
INFO:root:Updated detail data for Layer3 CUBE
INFO:root:Upserted collection: Azuki at 2024-10-29 17:55:24.026152
INFO:root:Updated detail data for Azuki
INFO:root:Upserted collection: Milady Maker at 2024-10-29 17:55:24.527102
INFO:root:Updated detail data for Milady Maker
INFO:root:Upserted collection: MakersPlace at 2024-10-29 17:55:25.156480
INFO:root:Updated detail data for MakersPlace
INFO:root:Running API call 2 at 2024-10-29 17:55:26.691955
INFO:root:Upserted collection: MakersPlace at 2024-10-29 17:55:29.863325
INFO:root:Updated detail data for MakersPlace
INFO:root:Upserted collection: Mutant Ape Yacht Club at 2024-10-29 17:55:30.479329
INFO:root:Updated detail data for Mutant Ape Yacht Club
INFO:root:Upserted collection: Chromie Squiggle by Snowfro at 2024-10-29 17:55:30.992142
INFO:root:Updated detail data for Chromie Squiggle by Snowfro
INFO:root:Upserted collection: Memeland Captainz at 2024-10-29 17:55:31.608919
INFO:root:Updated detail data for Memeland Captainz
INFO:root:Upserted collection: The Singularity x Reddit Collectible Avatars at 2024-10-29 17:55:32.219710
INFO:root:Updated detail data for The Singularity x Reddit Collectible Avatars
INFO:root:Upserted collection: Reddit Cup 2022 x Reddit Collectible Avatars at 2024-10-29 17:55:32.726088
INFO:root:Updated detail data for Reddit Cup 2022 x Reddit Collectible Avatars
INFO:root:Upserted collection: Wrapped Cryptopunks at 2024-10-29 17:55:33.246018
INFO:root:Updated detail data for Wrapped Cryptopunks
INFO:root:Upserted collection: Lil Pudgys at 2024-10-29 17:55:33.856754
INFO:root:Updated detail data for Lil Pudgys
INFO:root:Upserted collection: CryptoKitties at 2024-10-29 17:55:34.355347
INFO:root:Updated detail data for CryptoKitties
INFO:root:Upserted collection: Doodles at 2024-10-29 17:55:34.884197
INFO:root:Updated detail data for Doodles
INFO:root:Upserted collection: The Sandbox LANDs at 2024-10-29 17:55:35.494955
INFO:root:Updated detail data for The Sandbox LANDs
INFO:root:Running API call 3 at 2024-10-29 17:55:37.114453
INFO:root:Upserted collection: The Sandbox LANDs at 2024-10-29 17:55:40.205971
INFO:root:Updated detail data for The Sandbox LANDs
INFO:root:Upserted collection: Mocaverse at 2024-10-29 17:55:40.823461
INFO:root:Updated detail data for Mocaverse
INFO:root:Upserted collection: SuperRare at 2024-10-29 17:55:41.364440
INFO:root:Updated detail data for SuperRare
INFO:root:Upserted collection: Pirate Nation - Founder's Pirates at 2024-10-29 17:55:41.846602
INFO:root:Updated detail data for Pirate Nation - Founder's Pirates
INFO:root:Upserted collection: Redacted Remilio Babies at 2024-10-29 17:55:42.384934
INFO:root:Updated detail data for Redacted Remilio Babies
INFO:root:Upserted collection: Creepz by OVERLORD at 2024-10-29 17:55:42.973932
INFO:root:Updated detail data for Creepz by OVERLORD
INFO:root:Upserted collection: CryptoPunks V1 (wrapped) at 2024-10-29 17:55:43.587173
INFO:root:Updated detail data for CryptoPunks V1 (wrapped)
INFO:root:Upserted collection: Otherdeed Expanded at 2024-10-29 17:55:44.201892
INFO:root:Updated detail data for Otherdeed Expanded
INFO:root:Upserted collection: Decentraland at 2024-10-29 17:55:44.815062
INFO:root:Updated detail data for Decentraland
INFO:root:Upserted collection: Space Doodles at 2024-10-29 17:55:45.307258
INFO:root:Updated detail data for Space Doodles
INFO:root:Upserted collection: Ringers by Dmitri Cherniak at 2024-10-29 17:55:45.836109
INFO:root:Updated detail data for Ringers by Dmitri Cherniak
INFO:root:Running API call 1 at 2024-10-29 18:00:38.716026
INFO:root:Upserted collection: ENS: Ethereum Name Service at 2024-10-29 18:00:41.784426
INFO:root:Updated detail data for ENS: Ethereum Name Service
INFO:root:Upserted collection: CryptoPunks at 2024-10-29 18:00:42.295199
INFO:root:Updated detail data for CryptoPunks
INFO:root:Upserted collection: Bored Ape Yacht Club at 2024-10-29 18:00:42.843297
INFO:root:Updated detail data for Bored Ape Yacht Club
INFO:root:Upserted collection: Reddit Starter Pack x Reddit Collectible Avatars at 2024-10-29 18:00:43.428280
INFO:root:Updated detail data for Reddit Starter Pack x Reddit Collectible Avatars
INFO:root:Upserted collection: Pudgy Penguins at 2024-10-29 18:00:43.945042
INFO:root:Updated detail data for Pudgy Penguins
INFO:root:Upserted collection: Infinex Patrons at 2024-10-29 18:00:44.547391
INFO:root:Updated detail data for Infinex Patrons
INFO:root:Upserted collection: Layer3 CUBE at 2024-10-29 18:00:45.023961
INFO:root:Updated detail data for Layer3 CUBE
INFO:root:Upserted collection: Azuki at 2024-10-29 18:00:45.572736
INFO:root:Updated detail data for Azuki
INFO:root:Upserted collection: Milady Maker at 2024-10-29 18:00:46.109460
INFO:root:Updated detail data for Milady Maker
INFO:root:Upserted collection: MakersPlace at 2024-10-29 18:00:46.688745
INFO:root:Updated detail data for MakersPlace
INFO:root:Running API call 2 at 2024-10-29 18:00:48.173680
INFO:root:Upserted collection: MakersPlace at 2024-10-29 18:00:51.235471
INFO:root:Updated detail data for MakersPlace
INFO:root:Upserted collection: Mutant Ape Yacht Club at 2024-10-29 18:00:51.816012
INFO:root:Updated detail data for Mutant Ape Yacht Club
INFO:root:Upserted collection: Chromie Squiggle by Snowfro at 2024-10-29 18:00:52.360921
INFO:root:Updated detail data for Chromie Squiggle by Snowfro
INFO:root:Upserted collection: Memeland Captainz at 2024-10-29 18:00:52.946423
INFO:root:Updated detail data for Memeland Captainz
INFO:root:Upserted collection: The Singularity x Reddit Collectible Avatars at 2024-10-29 18:00:53.557083
INFO:root:Updated detail data for The Singularity x Reddit Collectible Avatars
INFO:root:Upserted collection: Reddit Cup 2022 x Reddit Collectible Avatars at 2024-10-29 18:00:54.173622
INFO:root:Updated detail data for Reddit Cup 2022 x Reddit Collectible Avatars
INFO:root:Upserted collection: Wrapped Cryptopunks at 2024-10-29 18:00:54.813293
INFO:root:Updated detail data for Wrapped Cryptopunks
INFO:root:Upserted collection: Lil Pudgys at 2024-10-29 18:00:55.304968
INFO:root:Updated detail data for Lil Pudgys
INFO:root:Upserted collection: CryptoKitties at 2024-10-29 18:00:55.821900
INFO:root:Updated detail data for CryptoKitties
INFO:root:Upserted collection: Doodles at 2024-10-29 18:00:56.324875
INFO:root:Updated detail data for Doodles
INFO:root:Upserted collection: The Sandbox LANDs at 2024-10-29 18:00:56.837685
INFO:root:Updated detail data for The Sandbox LANDs
INFO:root:Running API call 3 at 2024-10-29 18:00:58.450467
INFO:root:Upserted collection: The Sandbox LANDs at 2024-10-29 18:01:01.542932
INFO:root:Updated detail data for The Sandbox LANDs
INFO:root:Upserted collection: Mocaverse at 2024-10-29 18:01:02.263457
INFO:root:Updated detail data for Mocaverse
INFO:root:Upserted collection: SuperRare at 2024-10-29 18:01:02.878504
INFO:root:Updated detail data for SuperRare
INFO:root:Upserted collection: Pirate Nation - Founder's Pirates at 2024-10-29 18:01:03.390325
INFO:root:Updated detail data for Pirate Nation - Founder's Pirates
INFO:root:Upserted collection: Redacted Remilio Babies at 2024-10-29 18:01:03.900994
INFO:root:Updated detail data for Redacted Remilio Babies
INFO:root:Upserted collection: Creepz by OVERLORD at 2024-10-29 18:01:04.515356
INFO:root:Updated detail data for Creepz by OVERLORD
INFO:root:Upserted collection: CryptoPunks V1 (wrapped) at 2024-10-29 18:01:05.131585
INFO:root:Updated detail data for CryptoPunks V1 (wrapped)
INFO:root:Upserted collection: Otherdeed Expanded at 2024-10-29 18:01:05.643122
INFO:root:Updated detail data for Otherdeed Expanded
INFO:root:Upserted collection: Decentraland at 2024-10-29 18:01:06.183908
INFO:root:Updated detail data for Decentraland
INFO:root:Upserted collection: Space Doodles at 2024-10-29 18:01:06.694481
INFO:root:Updated detail data for Space Doodles
INFO:root:Upserted collection: Ringers by Dmitri Cherniak at 2024-10-29 18:01:07.689293
INFO:root:Updated detail data for Ringers by Dmitri Cherniak
