INFO:root:Updated document ID: ens with transformed contracts
INFO:root:Updated document ID: cryptopunks with transformed contracts
INFO:root:Updated document ID: boredapeyachtclub with transformed contracts
INFO:root:Skipped document ID: reddit-starter-pack-x-reddit-collectible-avatars (no Ethereum contracts found)
INFO:root:Updated document ID: pudgypenguins with transformed contracts
INFO:root:Updated document ID: infinex-patrons with transformed contracts
INFO:root:Skipped document ID: layer3-cube-arbitrum (no Ethereum contracts found)
INFO:root:Updated document ID: azuki with transformed contracts
INFO:root:Updated document ID: milady with transformed contracts
INFO:root:Updated document ID: makersplace with transformed contracts
INFO:root:Updated document ID: mutant-ape-yacht-club with transformed contracts
INFO:root:Skipped document ID: chromie-squiggle-by-snowfro (no Ethereum contracts found)
INFO:root:Updated document ID: memelandcaptainz with transformed contracts
INFO:root:Skipped document ID: the-singularity-x-reddit-collectible-avatars (no Ethereum contracts found)
INFO:root:Skipped document ID: reddit-cup-2022-x-reddit-collectible-avatars (no Ethereum contracts found)
INFO:root:Updated document ID: wrapped-cryptopunks with transformed contracts
INFO:root:Updated document ID: lilpudgys with transformed contracts
INFO:root:Updated document ID: cryptokitties with transformed contracts
INFO:root:Updated document ID: doodles-official with transformed contracts
INFO:root:Updated document ID: sandbox with transformed contracts
INFO:root:Updated document ID: mocaverse with transformed contracts
INFO:root:Updated document ID: superrare with transformed contracts
INFO:root:Updated document ID: piratenation with transformed contracts
INFO:root:Updated document ID: remilio-babies with transformed contracts
INFO:root:Updated document ID: genesis-creepz with transformed contracts
INFO:root:Updated document ID: official-v1-punks with transformed contracts
INFO:root:Updated document ID: otherdeed-expanded with transformed contracts
INFO:root:Updated document ID: decentraland with transformed contracts
INFO:root:Updated document ID: space-doodles-official with transformed contracts
INFO:root:Skipped document ID: ringers-by-dmitri-cherniak (no Ethereum contracts found)
